================================================================================
Appcelerator Titanium Diagnostics Build Log
The contents of this file are useful to send to Appcelerator Support if
reporting an issue to help us understand your environment, build settings
and aid in debugging. Please attach this log to any issue that you report.
================================================================================

Starting build at 01/29/12 11:34

Build details:

   timestamp=10/08/11 19:38
   version=1.8.0
   githash=69d16dc...


Script arguments:
   /Library/Application Support/Titanium/mobilesdk/osx/1.8.0.v20111008193843/iphone/builder.py
   simulator
   4.3
   /Users/Tanja/Documents/school/3IM/MobileDev/Ti-TeamTaskManager
   com.teamtaskmanager.ti
   Ti-TeamTaskManager
   iphone
   iphone
   

Building from: /Library/Application Support/Titanium/mobilesdk/osx/1.8.0.v20111008193843/iphone
Platform: Darwin Kernel Version 10.7.0: Sat Jan 29 15:17:16 PST 2011; root:xnu-1504.9.37~1/RELEASE_I386

Xcode path is: /Developer


githash=69d16dc..., existing_git_hash=69d16dc...
writing contents of /Users/Tanja/Documents/school/3IM/MobileDev/Ti-TeamTaskManager/build/iphone/project.xcconfig:

TI_VERSION=1.8.0.v20111008193843
TI_SDK_DIR=/Library/Application Support/Titanium/mobilesdk/osx/$(TI_VERSION)/iphone
TI_APPID=com.teamtaskmanager.ti
OTHER_LDFLAGS[sdk=iphoneos*]=$(inherited) -weak_framework iAd
OTHER_LDFLAGS[sdk=iphonesimulator*]=$(inherited) -weak_framework iAd
#include "module"

old contents


Generated the following stylecode code:

<?xml version="1.0" encoding="UTF-8"?>
<!DOCTYPE plist PUBLIC "-//Apple//DTD PLIST 1.0//EN" "http://www.apple.com/DTDs/PropertyList-1.0.dtd">
<plist version="1.0">
	<dict>
		<key>classes</key>
		<dict>
</dict>

		<key>classes_density</key>
		<dict>
</dict>

		<key>ids</key>
		<dict>
</dict>

		<key>ids_density</key>
		<dict>
</dict>

		<key>tags</key>
		<dict>
</dict>

		<key>tags_density</key>
		<dict>
</dict>

	</dict>
</plist>
Finishing build
