Logfile initialized
[INFO] logfile = C:\Users\Eigenaar\My Documents\Titanium Studio Workspace\Ti-TeamTask\build.log
[DEBUG] C:\Users\Eigenaar\AppData\Roaming\Titanium\mobilesdk\win32\1.7.5\android\builder.py simulator Ti-TeamTask C:\Program Files (x86)\Android\android-sdk C:\Users\Eigenaar\My Documents\Titanium Studio Workspace\Ti-TeamTask com.teamtaskmanager.ti 13 HVGA
[INFO] Building Ti-TeamTask for Android ... one moment
[INFO] Titanium SDK version: 1.7.5 (11/02/11 17:00 ab20af7)
[DEBUG] Waiting for device to be ready ...
[TRACE] adb devices returned 1 devices/emulators
[TRACE] adb devices returned 1 devices/emulators
[TRACE] adb devices returned 1 devices/emulators
[TRACE] adb devices returned 1 devices/emulators
[TRACE] adb devices returned 1 devices/emulators
[TRACE] adb devices returned 1 devices/emulators
[TRACE] adb devices returned 1 devices/emulators
[TRACE] adb devices returned 1 devices/emulators
[DEBUG] Device connected... (waited 35 seconds)
[DEBUG] waited 35.218000 seconds on emulator to get ready
[INFO] Waiting for the Android Emulator to become available
[DEBUG] com.teamtaskmanager.ti installed? True
[INFO] Fastdev server running, deploying in Fastdev mode
[INFO] Copying project resources..
[INFO] Tiapp.xml unchanged, skipping class generation
[DEBUG] Processing Android resource drawables
[INFO] Waiting for SDCard to become available..
[INFO] Re-launching application ... Ti-TeamTask
[INFO] Launching application ... Ti-TeamTask
[TRACE] Launch output: Starting: Intent { act=android.intent.action.MAIN cat=[android.intent.category.LAUNCHER] cmp=com.teamtaskmanager.ti/.TiTeamtaskActivity }

